<?xml version="1.0" encoding="UTF-8"?>
<testng-results ignored="0" total="1" passed="1" failed="0" skipped="0">
  <reporter-output>
  </reporter-output>
  <suite started-at="2024-05-25T08:53:50 IST" name="Default suite" finished-at="2024-05-25T08:54:02 IST" duration-ms="11707">
    <groups>
    </groups>
    <test started-at="2024-05-25T08:53:50 IST" name="Default test" finished-at="2024-05-25T08:54:02 IST" duration-ms="11707">
      <class name="extentReport.TestScript02">
        <test-method signature="script2()[pri:0, instance:extentReport.TestScript02@4ac3c60d]" started-at="2024-05-25T08:53:50 IST" name="script2" finished-at="2024-05-25T08:54:02 IST" duration-ms="11656" status="PASS">
          <reporter-output>
          </reporter-output>
        </test-method> <!-- script2 -->
      </class> <!-- extentReport.TestScript02 -->
    </test> <!-- Default test -->
  </suite> <!-- Default suite -->
</testng-results>
