<?xml version="1.0" encoding="UTF-8"?>
<testng-results ignored="0" total="3" passed="3" failed="0" skipped="0">
  <reporter-output>
  </reporter-output>
  <suite started-at="2024-05-24T07:56:02 IST" name="Suite" finished-at="2024-05-24T07:56:14 IST" duration-ms="12558">
    <groups>
    </groups>
    <test started-at="2024-05-24T07:56:02 IST" name="Test" finished-at="2024-05-24T07:56:14 IST" duration-ms="12558">
      <class name="food.LaunchKFC_Test">
        <test-method signature="kfc()[pri:0, instance:food.LaunchKFC_Test@7219ec67]" started-at="2024-05-24T07:56:02 IST" name="kfc" finished-at="2024-05-24T07:56:14 IST" duration-ms="12506" status="PASS">
          <reporter-output>
          </reporter-output>
        </test-method> <!-- kfc -->
      </class> <!-- food.LaunchKFC_Test -->
      <class name="food.LaunchSwiggy_Test">
        <test-method signature="swiggy()[pri:0, instance:food.LaunchSwiggy_Test@45018215]" started-at="2024-05-24T07:56:02 IST" name="swiggy" finished-at="2024-05-24T07:56:13 IST" duration-ms="11330" status="PASS">
          <reporter-output>
          </reporter-output>
        </test-method> <!-- swiggy -->
      </class> <!-- food.LaunchSwiggy_Test -->
      <class name="food.LaunchZomato_Test">
        <test-method signature="zomato()[pri:0, instance:food.LaunchZomato_Test@65d6b83b]" started-at="2024-05-24T07:56:02 IST" name="zomato" finished-at="2024-05-24T07:56:13 IST" duration-ms="11835" status="PASS">
          <reporter-output>
          </reporter-output>
        </test-method> <!-- zomato -->
      </class> <!-- food.LaunchZomato_Test -->
    </test> <!-- Test -->
  </suite> <!-- Suite -->
</testng-results>
