<?xml version="1.0" encoding="UTF-8"?>
<!-- Generated by org.testng.reporters.JUnitXMLReporter -->
<testsuite ignored="0" hostname="LAPTOP-F4VV9KSQ" failures="0" tests="3" name="Test" time="12.558" errors="0" timestamp="2024-05-24T07:56:14 IST">
  <testcase classname="food.LaunchSwiggy_Test" name="swiggy" time="11.33"/>
  <testcase classname="food.LaunchZomato_Test" name="zomato" time="11.835"/>
  <testcase classname="food.LaunchKFC_Test" name="kfc" time="12.506"/>
</testsuite> <!-- Test -->
