<?xml version="1.0" encoding="UTF-8"?>
<!-- Generated by org.testng.reporters.JUnitXMLReporter -->
<testsuite ignored="0" hostname="LAPTOP-F4VV9KSQ" failures="0" tests="3" name="Test" time="20.156" errors="0" timestamp="2024-05-23T08:39:15 IST">
  <testcase classname="food.LaunchKFC_Test" name="kfc" time="6.773"/>
  <testcase classname="food.LaunchSwiggy_Test" name="swiggy" time="6.163"/>
  <testcase classname="food.LaunchZomato_Test" name="zomato" time="7.212"/>
</testsuite> <!-- Test -->
